  FrameRate.cpp
c:\users\enekai\documents\github\proceduralenemymap\procedural\procedural\structures.h(27): error C2143: error de sintaxis: falta ';' delante de '<'
c:\users\enekai\documents\github\proceduralenemymap\procedural\procedural\structures.h(27): error C4430: falta el especificador de tipo; se presupone int. Nota: C++ no admite default-int
c:\users\enekai\documents\github\proceduralenemymap\procedural\procedural\structures.h(27): error C2238: símbolos (token) inesperados delante de ';'
c:\users\enekai\documents\github\proceduralenemymap\procedural\procedural\framerate.cpp(14): error C3861: 'initList': no se encontró el identificador
c:\users\enekai\documents\github\proceduralenemymap\procedural\procedural\framerate.cpp(19): error C2065: 'width': identificador no declarado
c:\users\enekai\documents\github\proceduralenemymap\procedural\procedural\framerate.cpp(19): error C2065: 'heigth': identificador no declarado
c:\users\enekai\documents\github\proceduralenemymap\procedural\procedural\framerate.cpp(20): error C2065: 'width': identificador no declarado
c:\users\enekai\documents\github\proceduralenemymap\procedural\procedural\framerate.cpp(20): error C2065: 'heigth': identificador no declarado
c:\users\enekai\documents\github\proceduralenemymap\procedural\procedural\framerate.cpp(20): error C3861: 'initMap': no se encontró el identificador
c:\users\enekai\documents\github\proceduralenemymap\procedural\procedural\framerate.cpp(21): error C2065: 'heigth': identificador no declarado
c:\users\enekai\documents\github\proceduralenemymap\procedural\procedural\framerate.cpp(22): error C2065: 'width': identificador no declarado
  GameLoop.cpp
c:\users\enekai\documents\github\proceduralenemymap\procedural\procedural\declarations.h(7): error C2065: 'List': identificador no declarado
c:\users\enekai\documents\github\proceduralenemymap\procedural\procedural\declarations.h(7): error C2065: 'room': identificador no declarado
c:\users\enekai\documents\github\proceduralenemymap\procedural\procedural\declarations.h(7): error C2065: '_level': identificador no declarado
c:\users\enekai\documents\github\proceduralenemymap\procedural\procedural\declarations.h(7): error C2062: tipo 'char' inesperado
c:\users\enekai\documents\github\proceduralenemymap\procedural\procedural\declarations.h(9): error C2065: 'room': identificador no declarado
c:\users\enekai\documents\github\proceduralenemymap\procedural\procedural\declarations.h(9): error C2065: '_room': identificador no declarado
c:\users\enekai\documents\github\proceduralenemymap\procedural\procedural\declarations.h(9): error C2062: tipo 'char' inesperado
c:\users\enekai\documents\github\proceduralenemymap\procedural\procedural\declarations.h(11): error C2065: 'room': identificador no declarado
c:\users\enekai\documents\github\proceduralenemymap\procedural\procedural\declarations.h(11): error C2065: '_room': identificador no declarado
c:\users\enekai\documents\github\proceduralenemymap\procedural\procedural\declarations.h(11): error C2062: tipo 'char' inesperado
c:\users\enekai\documents\github\proceduralenemymap\procedural\procedural\declarations.h(13): error C2065: 'List': identificador no declarado
c:\users\enekai\documents\github\proceduralenemymap\procedural\procedural\declarations.h(13): error C2065: 'Enemy': identificador no declarado
c:\users\enekai\documents\github\proceduralenemymap\procedural\procedural\declarations.h(13): error C2065: '_enemyList': identificador no declarado
c:\users\enekai\documents\github\proceduralenemymap\procedural\procedural\declarations.h(13): error C2062: tipo 'int' inesperado
c:\users\enekai\documents\github\proceduralenemymap\procedural\procedural\declarations.h(23): error C2065: 'room': identificador no declarado
c:\users\enekai\documents\github\proceduralenemymap\procedural\procedural\declarations.h(23): error C2065: '_room': identificador no declarado
c:\users\enekai\documents\github\proceduralenemymap\procedural\procedural\declarations.h(23): error C2062: tipo 'char' inesperado
c:\users\enekai\documents\github\proceduralenemymap\procedural\procedural\declarations.h(25): error C2143: error de sintaxis: falta ';' delante de '*'
c:\users\enekai\documents\github\proceduralenemymap\procedural\procedural\declarations.h(25): error C4430: falta el especificador de tipo; se presupone int. Nota: C++ no admite default-int
c:\users\enekai\documents\github\proceduralenemymap\procedural\procedural\declarations.h(26): error C2143: error de sintaxis: falta ';' delante de '*'
c:\users\enekai\documents\github\proceduralenemymap\procedural\procedural\declarations.h(26): error C4430: falta el especificador de tipo; se presupone int. Nota: C++ no admite default-int
c:\users\enekai\documents\github\proceduralenemymap\procedural\procedural\declarations.h(26): error C2086: 'int room': nueva definición
  c:\users\enekai\documents\github\proceduralenemymap\procedural\procedural\declarations.h(25): note: vea la declaración de 'room'
c:\users\enekai\documents\github\proceduralenemymap\procedural\procedural\gameloop.cpp(10): error C2182: 'FrameRate': uso no válido del tipo 'void'
c:\users\enekai\documents\github\proceduralenemymap\procedural\procedural\gameloop.cpp(10): error C2365: 'FrameRate': nueva definición; la definición anterior era 'función'
  c:\users\enekai\documents\github\proceduralenemymap\procedural\procedural\declarations.h(21): note: vea la declaración de 'FrameRate'
c:\users\enekai\documents\github\proceduralenemymap\procedural\procedural\gameloop.cpp(11): error C2448: 'FrameRate': el inicializador de estilo de función parece ser una definición de función
  Init.cpp
c:\users\enekai\documents\github\proceduralenemymap\procedural\procedural\declarations.h(7): error C2065: 'List': identificador no declarado
c:\users\enekai\documents\github\proceduralenemymap\procedural\procedural\declarations.h(7): error C2065: 'room': identificador no declarado
c:\users\enekai\documents\github\proceduralenemymap\procedural\procedural\declarations.h(7): error C2065: '_level': identificador no declarado
c:\users\enekai\documents\github\proceduralenemymap\procedural\procedural\declarations.h(7): error C2062: tipo 'char' inesperado
c:\users\enekai\documents\github\proceduralenemymap\procedural\procedural\declarations.h(9): error C2065: 'room': identificador no declarado
c:\users\enekai\documents\github\proceduralenemymap\procedural\procedural\declarations.h(9): error C2065: '_room': identificador no declarado
c:\users\enekai\documents\github\proceduralenemymap\procedural\procedural\declarations.h(9): error C2062: tipo 'char' inesperado
c:\users\enekai\documents\github\proceduralenemymap\procedural\procedural\declarations.h(11): error C2065: 'room': identificador no declarado
c:\users\enekai\documents\github\proceduralenemymap\procedural\procedural\declarations.h(11): error C2065: '_room': identificador no declarado
c:\users\enekai\documents\github\proceduralenemymap\procedural\procedural\declarations.h(11): error C2062: tipo 'char' inesperado
c:\users\enekai\documents\github\proceduralenemymap\procedural\procedural\declarations.h(13): error C2065: 'List': identificador no declarado
c:\users\enekai\documents\github\proceduralenemymap\procedural\procedural\declarations.h(13): error C2065: 'Enemy': identificador no declarado
c:\users\enekai\documents\github\proceduralenemymap\procedural\procedural\declarations.h(13): error C2065: '_enemyList': identificador no declarado
c:\users\enekai\documents\github\proceduralenemymap\procedural\procedural\declarations.h(13): error C2062: tipo 'int' inesperado
c:\users\enekai\documents\github\proceduralenemymap\procedural\procedural\declarations.h(23): error C2065: 'room': identificador no declarado
c:\users\enekai\documents\github\proceduralenemymap\procedural\procedural\declarations.h(23): error C2065: '_room': identificador no declarado
c:\users\enekai\documents\github\proceduralenemymap\procedural\procedural\declarations.h(23): error C2062: tipo 'char' inesperado
c:\users\enekai\documents\github\proceduralenemymap\procedural\procedural\declarations.h(25): error C2143: error de sintaxis: falta ';' delante de '*'
c:\users\enekai\documents\github\proceduralenemymap\procedural\procedural\declarations.h(25): error C4430: falta el especificador de tipo; se presupone int. Nota: C++ no admite default-int
c:\users\enekai\documents\github\proceduralenemymap\procedural\procedural\declarations.h(26): error C2143: error de sintaxis: falta ';' delante de '*'
c:\users\enekai\documents\github\proceduralenemymap\procedural\procedural\declarations.h(26): error C4430: falta el especificador de tipo; se presupone int. Nota: C++ no admite default-int
c:\users\enekai\documents\github\proceduralenemymap\procedural\procedural\declarations.h(26): error C2086: 'int room': nueva definición
  c:\users\enekai\documents\github\proceduralenemymap\procedural\procedural\declarations.h(25): note: vea la declaración de 'room'
c:\users\enekai\documents\github\proceduralenemymap\procedural\procedural\init.cpp(32): error C2923: 'List': 'room' no es un argumento de tipo de plantilla válido para el parámetro 'T'
  c:\users\enekai\documents\github\proceduralenemymap\procedural\procedural\declarations.h(25): note: vea la declaración de 'room'
c:\users\enekai\documents\github\proceduralenemymap\procedural\procedural\init.cpp(34): warning C4244: 'argumento': conversión de 'time_t' a 'unsigned int'; posible pérdida de datos
c:\users\enekai\documents\github\proceduralenemymap\procedural\procedural\init.cpp(38): error C2146: error de sintaxis: falta ';' delante del identificador 'room1'
c:\users\enekai\documents\github\proceduralenemymap\procedural\procedural\init.cpp(38): error C2065: 'room1': identificador no declarado
c:\users\enekai\documents\github\proceduralenemymap\procedural\procedural\init.cpp(42): error C2065: 'room1': identificador no declarado
c:\users\enekai\documents\github\proceduralenemymap\procedural\procedural\init.cpp(42): error C3861: 'BasicInitRoom': no se encontró el identificador
c:\users\enekai\documents\github\proceduralenemymap\procedural\procedural\init.cpp(45): error C2065: 'prevroom': identificador no declarado
c:\users\enekai\documents\github\proceduralenemymap\procedural\procedural\init.cpp(45): error C2662: 'Node<T> *List<T>::getFirst(void)': no se puede convertir el puntero 'this' de 'List' a 'List<T> &'
  c:\users\enekai\documents\github\proceduralenemymap\procedural\procedural\init.cpp(45): note: Razón: no se puede realizar la conversión de 'List' a 'List<T>'
  c:\users\enekai\documents\github\proceduralenemymap\procedural\procedural\init.cpp(45): note: La conversión requiere un segundo operador de conversión definido por el usuario o constructor
c:\users\enekai\documents\github\proceduralenemymap\procedural\procedural\init.cpp(46): error C2146: error de sintaxis: falta ';' delante del identificador 'room2'
c:\users\enekai\documents\github\proceduralenemymap\procedural\procedural\init.cpp(46): error C2065: 'room2': identificador no declarado
c:\users\enekai\documents\github\proceduralenemymap\procedural\procedural\init.cpp(49): error C2065: 'prevroom': identificador no declarado
c:\users\enekai\documents\github\proceduralenemymap\procedural\procedural\init.cpp(53): warning C4244: 'argumento': conversión de 'time_t' a 'unsigned int'; posible pérdida de datos
c:\users\enekai\documents\github\proceduralenemymap\procedural\procedural\init.cpp(57): error C2065: 'prevroom': identificador no declarado
c:\users\enekai\documents\github\proceduralenemymap\procedural\procedural\init.cpp(61): warning C4244: 'argumento': conversión de 'time_t' a 'unsigned int'; posible pérdida de datos
c:\users\enekai\documents\github\proceduralenemymap\procedural\procedural\init.cpp(65): error C2065: 'prevroom': identificador no declarado
c:\users\enekai\documents\github\proceduralenemymap\procedural\procedural\init.cpp(69): warning C4244: 'argumento': conversión de 'time_t' a 'unsigned int'; posible pérdida de datos
c:\users\enekai\documents\github\proceduralenemymap\procedural\procedural\init.cpp(73): error C2065: 'prevroom': identificador no declarado
c:\users\enekai\documents\github\proceduralenemymap\procedural\procedural\init.cpp(77): warning C4244: 'argumento': conversión de 'time_t' a 'unsigned int'; posible pérdida de datos
c:\users\enekai\documents\github\proceduralenemymap\procedural\procedural\init.cpp(85): error C2065: 'room2': identificador no declarado
c:\users\enekai\documents\github\proceduralenemymap\procedural\procedural\init.cpp(85): error C2065: 'prevroom': identificador no declarado
c:\users\enekai\documents\github\proceduralenemymap\procedural\procedural\init.cpp(86): error C2065: 'prevroom': identificador no declarado
c:\users\enekai\documents\github\proceduralenemymap\procedural\procedural\init.cpp(86): error C2065: 'room2': identificador no declarado
c:\users\enekai\documents\github\proceduralenemymap\procedural\procedural\init.cpp(90): error C2065: 'room2': identificador no declarado
c:\users\enekai\documents\github\proceduralenemymap\procedural\procedural\init.cpp(90): error C2065: 'prevroom': identificador no declarado
c:\users\enekai\documents\github\proceduralenemymap\procedural\procedural\init.cpp(91): error C2065: 'prevroom': identificador no declarado
c:\users\enekai\documents\github\proceduralenemymap\procedural\procedural\init.cpp(91): error C2065: 'room2': identificador no declarado
c:\users\enekai\documents\github\proceduralenemymap\procedural\procedural\init.cpp(96): error C2065: 'room2': identificador no declarado
c:\users\enekai\documents\github\proceduralenemymap\procedural\procedural\init.cpp(96): error C2065: 'prevroom': identificador no declarado
c:\users\enekai\documents\github\proceduralenemymap\procedural\procedural\init.cpp(97): error C2065: 'prevroom': identificador no declarado
c:\users\enekai\documents\github\proceduralenemymap\procedural\procedural\init.cpp(97): error C2065: 'room2': identificador no declarado
c:\users\enekai\documents\github\proceduralenemymap\procedural\procedural\init.cpp(102): error C2065: 'room2': identificador no declarado
c:\users\enekai\documents\github\proceduralenemymap\procedural\procedural\init.cpp(102): error C2065: 'prevroom': identificador no declarado
c:\users\enekai\documents\github\proceduralenemymap\procedural\procedural\init.cpp(103): error C2065: 'prevroom': identificador no declarado
c:\users\enekai\documents\github\proceduralenemymap\procedural\procedural\init.cpp(103): error C2065: 'room2': identificador no declarado
c:\users\enekai\documents\github\proceduralenemymap\procedural\procedural\init.cpp(111): error C2065: 'room1': identificador no declarado
c:\users\enekai\documents\github\proceduralenemymap\procedural\procedural\init.cpp(113): error C2065: 'room2': identificador no declarado
c:\users\enekai\documents\github\proceduralenemymap\procedural\procedural\init.cpp(117): error C2065: 'room1': identificador no declarado
c:\users\enekai\documents\github\proceduralenemymap\procedural\procedural\init.cpp(118): error C2662: 'Node<T> *List<T>::getFirst(void)': no se puede convertir el puntero 'this' de 'List' a 'List<T> &'
  c:\users\enekai\documents\github\proceduralenemymap\procedural\procedural\init.cpp(118): note: Razón: no se puede realizar la conversión de 'List' a 'List<T>'
  c:\users\enekai\documents\github\proceduralenemymap\procedural\procedural\init.cpp(118): note: La conversión requiere un segundo operador de conversión definido por el usuario o constructor
c:\users\enekai\documents\github\proceduralenemymap\procedural\procedural\init.cpp(122): error C2662: 'Node<T> *List<T>::getFirst(void)': no se puede convertir el puntero 'this' de 'List' a 'List<T> &'
  c:\users\enekai\documents\github\proceduralenemymap\procedural\procedural\init.cpp(122): note: Razón: no se puede realizar la conversión de 'List' a 'List<T>'
  c:\users\enekai\documents\github\proceduralenemymap\procedural\procedural\init.cpp(122): note: La conversión requiere un segundo operador de conversión definido por el usuario o constructor
c:\users\enekai\documents\github\proceduralenemymap\procedural\procedural\init.cpp(128): error C2065: '_room': identificador no declarado
c:\users\enekai\documents\github\proceduralenemymap\procedural\procedural\init.cpp(128): error C2062: tipo 'char' inesperado
c:\users\enekai\documents\github\proceduralenemymap\procedural\procedural\init.cpp(129): error C2143: error de sintaxis: falta ';' delante de '{'
c:\users\enekai\documents\github\proceduralenemymap\procedural\procedural\init.cpp(129): error C2447: '{': falta el encabezado de función (¿lista formal de estilo anterior?)
c:\users\enekai\documents\github\proceduralenemymap\procedural\procedural\init.cpp(154): error C2065: '_room': identificador no declarado
c:\users\enekai\documents\github\proceduralenemymap\procedural\procedural\init.cpp(154): error C2062: tipo 'char' inesperado
c:\users\enekai\documents\github\proceduralenemymap\procedural\procedural\init.cpp(155): error C2143: error de sintaxis: falta ';' delante de '{'
c:\users\enekai\documents\github\proceduralenemymap\procedural\procedural\init.cpp(155): error C2447: '{': falta el encabezado de función (¿lista formal de estilo anterior?)
c:\users\enekai\documents\github\proceduralenemymap\procedural\procedural\init.cpp(185): warning C4244: 'argumento': conversión de 'time_t' a 'unsigned int'; posible pérdida de datos
c:\users\enekai\documents\github\proceduralenemymap\procedural\procedural\init.cpp(187): warning C4244: 'argumento': conversión de 'time_t' a 'unsigned int'; posible pérdida de datos
  Logic.cpp
c:\users\enekai\documents\github\proceduralenemymap\procedural\procedural\structures.h(27): error C2143: error de sintaxis: falta ';' delante de '<'
c:\users\enekai\documents\github\proceduralenemymap\procedural\procedural\structures.h(27): error C4430: falta el especificador de tipo; se presupone int. Nota: C++ no admite default-int
c:\users\enekai\documents\github\proceduralenemymap\procedural\procedural\structures.h(27): error C2238: símbolos (token) inesperados delante de ';'
c:\users\enekai\documents\github\proceduralenemymap\procedural\procedural\logic.cpp(16): error C3861: 'randPos': no se encontró el identificador
c:\users\enekai\documents\github\proceduralenemymap\procedural\procedural\logic.cpp(22): error C2065: 'width': identificador no declarado
c:\users\enekai\documents\github\proceduralenemymap\procedural\procedural\logic.cpp(22): error C2065: 'heigth': identificador no declarado
c:\users\enekai\documents\github\proceduralenemymap\procedural\procedural\logic.cpp(39): error C2065: 'width': identificador no declarado
c:\users\enekai\documents\github\proceduralenemymap\procedural\procedural\logic.cpp(39): error C2065: 'heigth': identificador no declarado
c:\users\enekai\documents\github\proceduralenemymap\procedural\procedural\logic.cpp(50): error C2065: 'width': identificador no declarado
c:\users\enekai\documents\github\proceduralenemymap\procedural\procedural\logic.cpp(50): error C2065: 'heigth': identificador no declarado
c:\users\enekai\documents\github\proceduralenemymap\procedural\procedural\logic.cpp(69): error C2065: 'width': identificador no declarado
c:\users\enekai\documents\github\proceduralenemymap\procedural\procedural\logic.cpp(69): error C2065: 'heigth': identificador no declarado
  Source.cpp
c:\users\enekai\documents\github\proceduralenemymap\procedural\procedural\declarations.h(7): error C2065: 'List': identificador no declarado
c:\users\enekai\documents\github\proceduralenemymap\procedural\procedural\declarations.h(7): error C2065: 'room': identificador no declarado
c:\users\enekai\documents\github\proceduralenemymap\procedural\procedural\declarations.h(7): error C2065: '_level': identificador no declarado
c:\users\enekai\documents\github\proceduralenemymap\procedural\procedural\declarations.h(7): error C2062: tipo 'char' inesperado
c:\users\enekai\documents\github\proceduralenemymap\procedural\procedural\declarations.h(9): error C2065: 'room': identificador no declarado
c:\users\enekai\documents\github\proceduralenemymap\procedural\procedural\declarations.h(9): error C2065: '_room': identificador no declarado
c:\users\enekai\documents\github\proceduralenemymap\procedural\procedural\declarations.h(9): error C2062: tipo 'char' inesperado
c:\users\enekai\documents\github\proceduralenemymap\procedural\procedural\declarations.h(11): error C2065: 'room': identificador no declarado
c:\users\enekai\documents\github\proceduralenemymap\procedural\procedural\declarations.h(11): error C2065: '_room': identificador no declarado
c:\users\enekai\documents\github\proceduralenemymap\procedural\procedural\declarations.h(11): error C2062: tipo 'char' inesperado
c:\users\enekai\documents\github\proceduralenemymap\procedural\procedural\declarations.h(13): error C2065: 'List': identificador no declarado
c:\users\enekai\documents\github\proceduralenemymap\procedural\procedural\declarations.h(13): error C2065: 'Enemy': identificador no declarado
c:\users\enekai\documents\github\proceduralenemymap\procedural\procedural\declarations.h(13): error C2065: '_enemyList': identificador no declarado
c:\users\enekai\documents\github\proceduralenemymap\procedural\procedural\declarations.h(13): error C2062: tipo 'int' inesperado
c:\users\enekai\documents\github\proceduralenemymap\procedural\procedural\declarations.h(23): error C2065: 'room': identificador no declarado
c:\users\enekai\documents\github\proceduralenemymap\procedural\procedural\declarations.h(23): error C2065: '_room': identificador no declarado
c:\users\enekai\documents\github\proceduralenemymap\procedural\procedural\declarations.h(23): error C2062: tipo 'char' inesperado
c:\users\enekai\documents\github\proceduralenemymap\procedural\procedural\declarations.h(25): error C2143: error de sintaxis: falta ';' delante de '*'
c:\users\enekai\documents\github\proceduralenemymap\procedural\procedural\declarations.h(25): error C4430: falta el especificador de tipo; se presupone int. Nota: C++ no admite default-int
c:\users\enekai\documents\github\proceduralenemymap\procedural\procedural\declarations.h(26): error C2143: error de sintaxis: falta ';' delante de '*'
c:\users\enekai\documents\github\proceduralenemymap\procedural\procedural\declarations.h(26): error C4430: falta el especificador de tipo; se presupone int. Nota: C++ no admite default-int
c:\users\enekai\documents\github\proceduralenemymap\procedural\procedural\declarations.h(26): error C2086: 'int room': nueva definición
  c:\users\enekai\documents\github\proceduralenemymap\procedural\procedural\declarations.h(25): note: vea la declaración de 'room'
c:\users\enekai\documents\github\proceduralenemymap\procedural\procedural\source.cpp(4): error C2923: 'List': 'room' no es un argumento de tipo de plantilla válido para el parámetro 'T'
  c:\users\enekai\documents\github\proceduralenemymap\procedural\procedural\declarations.h(25): note: vea la declaración de 'room'
c:\users\enekai\documents\github\proceduralenemymap\procedural\procedural\source.cpp(4): error C2133: 'roomList': tamaño desconocido
c:\users\enekai\documents\github\proceduralenemymap\procedural\procedural\source.cpp(4): error C2512: 'List': no hay disponible un constructor predeterminado adecuado
  c:\users\enekai\documents\github\proceduralenemymap\procedural\procedural\list.h(16): note: vea la declaración de 'List'
c:\users\enekai\documents\github\proceduralenemymap\procedural\procedural\source.cpp(9): error C3861: 'InitRoomList': no se encontró el identificador
  Generando código...
