  FrameRate.cpp
c:\users\enekai\documents\github\proceduralenemymap\proceduralenemymap\framerate.cpp(62): warning C4305: '=': truncamiento de 'int' a 'char'
c:\users\enekai\documents\github\proceduralenemymap\proceduralenemymap\framerate.cpp(62): warning C4309: '=': truncamiento de valor constante
c:\users\enekai\documents\github\proceduralenemymap\proceduralenemymap\framerate.cpp(73): warning C4305: '=': truncamiento de 'int' a 'char'
c:\users\enekai\documents\github\proceduralenemymap\proceduralenemymap\framerate.cpp(73): warning C4309: '=': truncamiento de valor constante
c:\users\enekai\documents\github\proceduralenemymap\proceduralenemymap\framerate.cpp(101): warning C4244: '=': conversión de '_Rep' a 'double'; posible pérdida de datos
          with
          [
              _Rep=__int64
          ]
c:\users\enekai\documents\github\proceduralenemymap\proceduralenemymap\framerate.cpp(102): warning C4244: '+=': conversión de 'double' a 'clock_t'; posible pérdida de datos
c:\users\enekai\documents\github\proceduralenemymap\proceduralenemymap\framerate.cpp(103): warning C4244: '+=': conversión de 'double' a 'clock_t'; posible pérdida de datos
c:\users\enekai\documents\github\proceduralenemymap\proceduralenemymap\framerate.cpp(110): warning C4244: '=': conversión de 'float' a 'clock_t'; posible pérdida de datos
c:\users\enekai\documents\github\proceduralenemymap\proceduralenemymap\framerate.cpp(121): warning C4244: '=': conversión de 'float' a 'clock_t'; posible pérdida de datos
  Logic.cpp
c:\users\enekai\documents\github\proceduralenemymap\proceduralenemymap\list.h(264): warning C4267: 'argumento': conversión de 'size_t' a 'int'; posible pérdida de datos
  c:\users\enekai\documents\github\proceduralenemymap\proceduralenemymap\list.h(263): note: durante la compilación de la función miembro de plantilla clase de 'T &List<T>::getItem(const size_t)'
          with
          [
              T=Enemy
          ]
  c:\users\enekai\documents\github\proceduralenemymap\proceduralenemymap\logic.cpp(34): note: vea la referencia a la creación de instancias de plantilla de función 'T &List<T>::getItem(const size_t)' que se está compilando
          with
          [
              T=Enemy
          ]
  c:\users\enekai\documents\github\proceduralenemymap\proceduralenemymap\logic.cpp(23): note: vea la referencia a la creación de instancias de plantilla clase de 'List<Enemy>' que se está compilando
  Generando código...
  ProceduralEnemyMap.vcxproj -> C:\Users\Enekai\Documents\GitHub\ProceduralEnemyMap\ProceduralEnemyMap\x64\Debug\ProceduralEnemyMap.exe
